<?xml version="1.0" encoding="UTF-8"?>
<!-- Generated by org.testng.reporters.JUnitReportReporter -->
<testsuite hostname="E3480-KDibakar" failures="0" tests="2" name="com.dk.project1.testCases.FacebookTests" time="113.423" errors="0" timestamp="27 Sep 2021 06:23:54 GMT" skipped="0">
  <testcase classname="com.dk.project1.testCases.FacebookTests" name="PostFacebookStatus2" time="61.232"/>
  <testcase classname="com.dk.project1.testCases.FacebookTests" name="PostFacebookStatus" time="52.191"/>
</testsuite> <!-- com.dk.project1.testCases.FacebookTests -->
