<?xml version="1.0" encoding="UTF-8"?>
<!-- Generated by org.testng.reporters.JUnitReportReporter -->
<testsuite hostname="E3480-KDibakar" failures="0" tests="2" name="com.dk.project1.testCases.GoogleTest" time="37.896" errors="0" timestamp="27 Sep 2021 06:23:54 GMT" skipped="0">
  <testcase classname="com.dk.project1.testCases.GoogleTest" name="NavigatetoGoogle" time="18.939"/>
  <testcase classname="com.dk.project1.testCases.GoogleTest" name="NavigatetoGoogle2nd" time="18.957"/>
</testsuite> <!-- com.dk.project1.testCases.GoogleTest -->
