<?xml version="1.0" encoding="UTF-8"?>
<!-- Generated by org.testng.reporters.JUnitReportReporter -->
<testsuite hostname="E3480-KDibakar" failures="0" tests="2" name="com.dk.project1.testCases.FacebookTests" time="121.725" errors="0" timestamp="26 Sep 2021 23:44:11 GMT" skipped="0">
  <testcase classname="com.dk.project1.testCases.FacebookTests" name="PostFacebookStatus2" time="59.953"/>
  <testcase classname="com.dk.project1.testCases.FacebookTests" name="PostFacebookStatus" time="61.772"/>
</testsuite> <!-- com.dk.project1.testCases.FacebookTests -->
